<?xml version="1.0" encoding="UTF-8"?>
<!-- Generated by org.testng.reporters.JUnitXMLReporter -->
<testsuite hostname="Shiva" ignored="0" name="Test" tests="3" failures="0" timestamp="2021-11-24T21:11:49 IST" time="0.267" errors="0">
  <testcase name="demoTwo" time="0.036" classname="demo2.mavendemo.TestDemoTwo"/>
  <testcase name="demoOne" time="0.0" classname="demo2.mavendemo.TestDemoOne"/>
  <testcase name="demoThree" time="0.001" classname="demo2.mavendemo.TestDemoThree"/>
</testsuite> <!-- Test -->
