<?xml version="1.0" encoding="UTF-8"?>
<testng-results skipped="0" failed="0" ignored="0" total="3" passed="3">
  <reporter-output>
  </reporter-output>
  <suite name="Suite" duration-ms="892" started-at="2021-11-24T19:06:32 IST" finished-at="2021-11-24T19:06:33 IST">
    <groups>
    </groups>
    <test name="Test" duration-ms="892" started-at="2021-11-24T19:06:32 IST" finished-at="2021-11-24T19:06:33 IST">
      <class name="demo2.mavendemo.TestDemoTwo">
        <test-method status="PASS" signature="demoTwo()[pri:0, instance:demo2.mavendemo.TestDemoTwo@7a765367]" name="demoTwo" duration-ms="123" started-at="2021-11-24T19:06:33 IST" finished-at="2021-11-24T19:06:33 IST">
          <reporter-output>
          </reporter-output>
        </test-method> <!-- demoTwo -->
      </class> <!-- demo2.mavendemo.TestDemoTwo -->
      <class name="demo2.mavendemo.TestDemoOne">
        <test-method status="PASS" signature="demoOne()[pri:0, instance:demo2.mavendemo.TestDemoOne@2a742aa2]" name="demoOne" duration-ms="5" started-at="2021-11-24T19:06:33 IST" finished-at="2021-11-24T19:06:33 IST">
          <reporter-output>
          </reporter-output>
        </test-method> <!-- demoOne -->
      </class> <!-- demo2.mavendemo.TestDemoOne -->
      <class name="demo2.mavendemo.TestDemoThree">
        <test-method status="PASS" signature="demoThree()[pri:0, instance:demo2.mavendemo.TestDemoThree@3cb1ffe6]" name="demoThree" duration-ms="4" started-at="2021-11-24T19:06:33 IST" finished-at="2021-11-24T19:06:33 IST">
          <reporter-output>
          </reporter-output>
        </test-method> <!-- demoThree -->
      </class> <!-- demo2.mavendemo.TestDemoThree -->
    </test> <!-- Test -->
  </suite> <!-- Suite -->
</testng-results>
